-------------------------------------------------------------------------------
Test set: ejemplopipeline.DiezxcientoTest
-------------------------------------------------------------------------------
Tests run: 3, Failures: 1, Errors: 0, Skipped: 0, Time elapsed: 0.03 s <<< FAILURE! - in ejemplopipeline.DiezxcientoTest
testSaldoAhorro(ejemplopipeline.DiezxcientoTest)  Time elapsed: 0.018 s  <<< FAILURE!
java.lang.AssertionError: expected:<2160000> but was:<21600000>
	at ejemplopipeline.DiezxcientoTest.testSaldoAhorro(DiezxcientoTest.java:26)

