<?xml version="1.0" encoding="UTF-8"?>
<testsuite xmlns:xsi="http://www.w3.org/2001/XMLSchema-instance" xsi:noNamespaceSchemaLocation="https://maven.apache.org/surefire/maven-surefire-plugin/xsd/surefire-test-report.xsd" name="ejemplopipeline.DiezxcientoTest" time="0.03" tests="3" errors="0" skipped="0" failures="1">
  <properties>
[...]
</properties>
  <testcase name="testDiezxciento" classname="ejemplopipeline.DiezxcientoTest" time="0.01"/>
  <testcase name="testSaldoAhorro" classname="ejemplopipeline.DiezxcientoTest" time="0.018">
    <failure message="expected:&lt;2160000&gt; but was:&lt;21600000&gt;" type="java.lang.AssertionError"><![CDATA[java.lang.AssertionError: expected:<2160000> but was:<21600000>
	at ejemplopipeline.DiezxcientoTest.testSaldoAhorro(DiezxcientoTest.java:26)
]]></failure>
  </testcase>
  <testcase name="testImpuesto" classname="ejemplopipeline.DiezxcientoTest" time="0"/>
</testsuite>